TN:
SF:/Users/zolotyh/work/timepicker/src/app.ts
FNF:0
FNH:0
DA:3,1
DA:5,1
DA:7,1
LF:3
LH:3
BRF:0
BRH:0
end_of_record
TN:
SF:/Users/zolotyh/work/timepicker/src/module.ts
FNF:0
FNH:0
DA:4,1
LF:1
LH:1
BRF:0
BRH:0
end_of_record
TN:
SF:/Users/zolotyh/work/timepicker/src/factories/timepickerFactory.ts
FN:3,(anonymous_1)
FN:3,defineProperties
FN:3,(anonymous_3)
FN:9,_classCallCheck
FN:14,(anonymous_5)
FN:15,TimepickerFactory
FN:23,formatDigit
FN:28,getFlag
FN:34,getMinutes
FN:39,getHours
FN:58,pad
FN:63,isNaN
FN:68,convert
FN:74,formatString
FN:103,parseString
FN:148,(anonymous_16)
FNF:16
FNH:16
FNDA:1,(anonymous_1)
FNDA:1,defineProperties
FNDA:1,(anonymous_3)
FNDA:35,_classCallCheck
FNDA:1,(anonymous_5)
FNDA:35,TimepickerFactory
FNDA:13,formatDigit
FNDA:23,getFlag
FNDA:6,getMinutes
FNDA:9,getHours
FNDA:41,pad
FNDA:50,isNaN
FNDA:8,convert
FNDA:15,formatString
FNDA:33,parseString
FNDA:35,(anonymous_16)
DA:3,9
DA:5,1
DA:9,35
DA:14,1
DA:15,1
DA:16,35
DA:18,35
DA:21,1
DA:24,13
DA:29,23
DA:30,23
DA:35,6
DA:40,9
DA:42,9
DA:43,2
DA:46,7
DA:47,2
DA:50,5
DA:51,3
DA:54,2
DA:59,41
DA:64,50
DA:69,8
DA:70,8
DA:75,15
DA:76,15
DA:77,15
DA:78,15
DA:79,13
DA:80,4
DA:81,4
DA:82,9
DA:83,1
DA:84,1
DA:86,8
DA:87,8
DA:90,2
DA:91,2
DA:93,15
DA:94,15
DA:95,15
DA:96,2
DA:98,13
DA:104,33
DA:105,7
DA:107,26
DA:108,26
DA:109,26
DA:110,1
DA:112,25
DA:113,25
DA:114,25
DA:115,25
DA:116,25
DA:117,25
DA:118,25
DA:119,25
DA:121,25
DA:122,0
DA:124,25
DA:125,0
DA:127,25
DA:128,3
DA:129,1
DA:131,2
DA:134,22
DA:135,6
DA:137,16
DA:140,25
DA:141,25
DA:145,1
DA:148,1
DA:149,35
DA:151,1
LF:74
LH:72
BRDA:3,1,0,9
BRDA:3,1,1,9
BRDA:3,2,0,9
BRDA:3,2,1,0
BRDA:3,3,0,1
BRDA:3,3,1,0
BRDA:3,4,0,0
BRDA:3,4,1,1
BRDA:9,5,0,0
BRDA:9,5,1,35
BRDA:24,6,0,11
BRDA:24,6,1,2
BRDA:30,7,0,18
BRDA:30,7,1,5
BRDA:42,8,0,2
BRDA:42,8,1,7
BRDA:46,9,0,2
BRDA:46,9,1,5
BRDA:46,10,0,7
BRDA:46,10,1,6
BRDA:50,11,0,3
BRDA:50,11,1,2
BRDA:59,12,0,17
BRDA:59,12,1,24
BRDA:70,13,0,4
BRDA:70,13,1,4
BRDA:78,14,0,13
BRDA:78,14,1,2
BRDA:79,15,0,4
BRDA:79,15,1,9
BRDA:79,16,0,13
BRDA:79,16,1,12
BRDA:82,17,0,1
BRDA:82,17,1,8
BRDA:93,18,0,13
BRDA:93,18,1,2
BRDA:95,19,0,2
BRDA:95,19,1,13
BRDA:104,20,0,7
BRDA:104,20,1,26
BRDA:109,21,0,1
BRDA:109,21,1,25
BRDA:112,22,0,25
BRDA:112,22,1,0
BRDA:113,23,0,25
BRDA:113,23,1,2
BRDA:114,24,0,25
BRDA:114,24,1,7
BRDA:118,25,0,0
BRDA:118,25,1,25
BRDA:119,26,0,2
BRDA:119,26,1,23
BRDA:121,27,0,0
BRDA:121,27,1,25
BRDA:124,28,0,0
BRDA:124,28,1,25
BRDA:127,29,0,3
BRDA:127,29,1,22
BRDA:128,30,0,1
BRDA:128,30,1,2
BRDA:134,31,0,6
BRDA:134,31,1,16
BRF:62
BRH:54
end_of_record
TN:
SF:/Users/zolotyh/work/timepicker/src/directives/timpicker.ts
FN:9,_classCallCheck
FN:13,Timepicker
FN:18,(anonymous_3)
FN:24,_default
FN:28,keyHandler
FN:31,(anonymous_6)
FN:35,(anonymous_7)
FN:40,(anonymous_8)
FN:57,(anonymous_9)
FN:60,(anonymous_10)
FN:64,(anonymous_11)
FN:67,changeModel
FN:72,(anonymous_13)
FN:79,(anonymous_14)
FN:84,(anonymous_15)
FN:89,(anonymous_16)
FN:92,(anonymous_17)
FN:96,(anonymous_18)
FN:99,(anonymous_19)
FN:107,(anonymous_20)
FN:122,(anonymous_21)
FN:131,(anonymous_22)
FN:159,(anonymous_23)
FN:163,(anonymous_24)
FN:176,(anonymous_25)
FNF:25
FNH:10
FNDA:2,_classCallCheck
FNDA:2,Timepicker
FNDA:2,(anonymous_3)
FNDA:2,_default
FNDA:0,keyHandler
FNDA:0,(anonymous_6)
FNDA:0,(anonymous_7)
FNDA:4,(anonymous_8)
FNDA:2,(anonymous_9)
FNDA:2,(anonymous_10)
FNDA:4,(anonymous_11)
FNDA:0,changeModel
FNDA:0,(anonymous_13)
FNDA:0,(anonymous_14)
FNDA:0,(anonymous_15)
FNDA:0,(anonymous_16)
FNDA:2,(anonymous_17)
FNDA:0,(anonymous_18)
FNDA:0,(anonymous_19)
FNDA:0,(anonymous_20)
FNDA:0,(anonymous_21)
FNDA:0,(anonymous_22)
FNDA:0,(anonymous_23)
FNDA:0,(anonymous_24)
FNDA:2,(anonymous_25)
DA:3,1
DA:7,1
DA:9,2
DA:13,1
DA:14,2
DA:16,2
DA:18,2
DA:19,2
DA:21,2
DA:22,2
DA:25,2
DA:28,2
DA:29,0
DA:31,2
DA:32,0
DA:33,0
DA:35,2
DA:36,0
DA:37,0
DA:39,2
DA:40,2
DA:41,4
DA:42,2
DA:43,2
DA:44,2
DA:45,2
DA:47,4
DA:48,4
DA:50,4
DA:51,2
DA:53,2
DA:54,2
DA:55,2
DA:57,2
DA:58,2
DA:60,2
DA:61,2
DA:63,2
DA:64,2
DA:65,4
DA:67,2
DA:68,0
DA:69,0
DA:70,0
DA:72,2
DA:73,0
DA:74,0
DA:75,0
DA:76,0
DA:79,2
DA:80,0
DA:81,0
DA:82,0
DA:84,2
DA:85,0
DA:86,0
DA:89,2
DA:90,0
DA:92,2
DA:93,2
DA:94,2
DA:96,2
DA:97,0
DA:99,2
DA:100,0
DA:101,0
DA:103,0
DA:104,0
DA:105,0
DA:107,2
DA:108,0
DA:109,0
DA:111,0
DA:112,0
DA:113,0
DA:114,0
DA:115,0
DA:116,0
DA:117,0
DA:119,0
DA:122,2
DA:123,0
DA:124,0
DA:126,0
DA:127,0
DA:128,0
DA:129,0
DA:131,2
DA:132,0
DA:133,0
DA:135,0
DA:136,0
DA:137,0
DA:138,0
DA:140,0
DA:141,0
DA:142,0
DA:145,0
DA:146,0
DA:147,0
DA:148,0
DA:150,0
DA:151,0
DA:153,0
DA:154,0
DA:156,0
DA:159,2
DA:160,0
DA:162,2
DA:163,2
DA:164,0
DA:167,2
DA:170,2
DA:171,2
DA:172,2
DA:173,2
DA:176,1
DA:177,2
DA:179,1
LF:119
LH:59
BRDA:9,1,0,0
BRDA:9,1,1,2
BRDA:41,2,0,2
BRDA:41,2,1,2
BRDA:41,3,0,4
BRDA:41,3,1,2
BRDA:47,4,0,4
BRDA:47,4,1,0
BRDA:50,5,0,2
BRDA:50,5,1,2
BRDA:58,6,0,2
BRDA:58,6,1,2
BRDA:61,7,0,2
BRDA:61,7,1,0
BRDA:75,8,0,0
BRDA:75,8,1,0
BRDA:85,9,0,0
BRDA:85,9,1,0
BRDA:85,10,0,0
BRDA:85,10,1,0
BRDA:100,11,0,0
BRDA:100,11,1,0
BRDA:108,12,0,0
BRDA:108,12,1,0
BRDA:112,13,0,0
BRDA:112,13,1,0
BRDA:115,14,0,0
BRDA:115,14,1,0
BRDA:123,15,0,0
BRDA:123,15,1,0
BRDA:132,16,0,0
BRDA:132,16,1,0
BRDA:135,17,0,0
BRDA:135,17,1,0
BRDA:136,18,0,0
BRDA:136,18,1,0
BRDA:136,19,0,0
BRDA:136,19,1,0
BRDA:140,20,0,0
BRDA:140,20,1,0
BRDA:140,21,0,0
BRDA:140,21,1,0
BRDA:146,22,0,0
BRDA:146,22,1,0
BRDA:150,23,0,0
BRDA:150,23,1,0
BRDA:153,24,0,0
BRDA:153,24,1,0
BRF:48
BRH:11
end_of_record
TN:
SF:/Users/zolotyh/work/timepicker/src/config.ts
FNF:0
FNH:0
DA:3,1
DA:6,1
LF:2
LH:2
BRF:0
BRH:0
end_of_record
TN:
SF:/Users/zolotyh/work/timepicker/src/directives/timepicker.d.ts
FNF:0
FNH:0
LF:0
LH:0
BRF:0
BRH:0
end_of_record
TN:
SF:/Users/zolotyh/work/timepicker/src/directives/timepicker.spec.ts
FN:7,(anonymous_1)
FN:11,(anonymous_2)
FN:17,(anonymous_3)
FN:20,(anonymous_4)
FNF:4
FNH:4
FNDA:1,(anonymous_1)
FNDA:2,(anonymous_2)
FNDA:1,(anonymous_3)
FNDA:1,(anonymous_4)
DA:7,1
DA:8,1
DA:10,1
DA:11,1
DA:12,2
DA:13,2
DA:14,2
DA:15,2
DA:17,1
DA:18,1
DA:20,1
DA:21,1
LF:12
LH:12
BRF:0
BRH:0
end_of_record
TN:
SF:/Users/zolotyh/work/timepicker/src/factories/timepickerFactory.d.ts
FNF:0
FNH:0
LF:0
LH:0
BRF:0
BRH:0
end_of_record
TN:
SF:/Users/zolotyh/work/timepicker/src/factories/timepickerFactory.spec.ts
FN:7,(anonymous_1)
FN:9,(anonymous_2)
FN:12,(anonymous_3)
FN:13,(anonymous_4)
FN:16,(anonymous_5)
FN:20,(anonymous_6)
FN:25,(anonymous_7)
FN:29,(anonymous_8)
FN:33,(anonymous_9)
FN:37,(anonymous_10)
FN:41,(anonymous_11)
FN:46,(anonymous_12)
FN:54,(anonymous_13)
FN:63,(anonymous_14)
FN:65,(anonymous_15)
FN:69,(anonymous_16)
FN:73,(anonymous_17)
FN:77,(anonymous_18)
FN:81,(anonymous_19)
FN:85,(anonymous_20)
FN:90,(anonymous_21)
FN:92,(anonymous_22)
FN:96,(anonymous_23)
FN:100,(anonymous_24)
FN:104,(anonymous_25)
FN:109,(anonymous_26)
FN:110,(anonymous_27)
FN:113,(anonymous_28)
FN:117,(anonymous_29)
FN:121,(anonymous_30)
FN:138,(anonymous_31)
FN:139,(anonymous_32)
FN:145,(anonymous_33)
FN:151,(anonymous_34)
FN:157,(anonymous_35)
FN:163,(anonymous_36)
FN:169,(anonymous_37)
FN:175,(anonymous_38)
FN:181,(anonymous_39)
FN:187,(anonymous_40)
FNF:40
FNH:40
FNDA:1,(anonymous_1)
FNDA:1,(anonymous_2)
FNDA:1,(anonymous_3)
FNDA:1,(anonymous_4)
FNDA:1,(anonymous_5)
FNDA:1,(anonymous_6)
FNDA:1,(anonymous_7)
FNDA:1,(anonymous_8)
FNDA:1,(anonymous_9)
FNDA:1,(anonymous_10)
FNDA:1,(anonymous_11)
FNDA:1,(anonymous_12)
FNDA:1,(anonymous_13)
FNDA:1,(anonymous_14)
FNDA:1,(anonymous_15)
FNDA:1,(anonymous_16)
FNDA:1,(anonymous_17)
FNDA:1,(anonymous_18)
FNDA:1,(anonymous_19)
FNDA:1,(anonymous_20)
FNDA:1,(anonymous_21)
FNDA:1,(anonymous_22)
FNDA:1,(anonymous_23)
FNDA:1,(anonymous_24)
FNDA:1,(anonymous_25)
FNDA:1,(anonymous_26)
FNDA:1,(anonymous_27)
FNDA:1,(anonymous_28)
FNDA:1,(anonymous_29)
FNDA:1,(anonymous_30)
FNDA:1,(anonymous_31)
FNDA:1,(anonymous_32)
FNDA:1,(anonymous_33)
FNDA:1,(anonymous_34)
FNDA:1,(anonymous_35)
FNDA:1,(anonymous_36)
FNDA:1,(anonymous_37)
FNDA:1,(anonymous_38)
FNDA:1,(anonymous_39)
FNDA:1,(anonymous_40)
DA:7,1
DA:8,1
DA:9,1
DA:10,1
DA:12,1
DA:13,1
DA:14,1
DA:16,1
DA:17,1
DA:20,1
DA:21,1
DA:22,1
DA:25,1
DA:26,1
DA:27,1
DA:29,1
DA:30,1
DA:31,1
DA:33,1
DA:34,1
DA:35,1
DA:37,1
DA:38,1
DA:39,1
DA:41,1
DA:42,1
DA:43,1
DA:44,1
DA:46,1
DA:47,1
DA:50,1
DA:51,1
DA:52,1
DA:54,1
DA:55,1
DA:58,1
DA:59,1
DA:60,1
DA:63,1
DA:64,1
DA:65,1
DA:66,1
DA:67,1
DA:69,1
DA:70,1
DA:71,1
DA:73,1
DA:74,1
DA:75,1
DA:77,1
DA:78,1
DA:79,1
DA:81,1
DA:82,1
DA:83,1
DA:85,1
DA:86,1
DA:87,1
DA:90,1
DA:91,1
DA:92,1
DA:93,1
DA:94,1
DA:96,1
DA:97,1
DA:98,1
DA:100,1
DA:101,1
DA:102,1
DA:104,1
DA:105,1
DA:106,1
DA:109,1
DA:110,1
DA:111,1
DA:113,1
DA:114,1
DA:115,1
DA:117,1
DA:118,1
DA:119,1
DA:121,1
DA:122,1
DA:123,1
DA:124,1
DA:125,1
DA:126,1
DA:127,1
DA:128,1
DA:129,1
DA:130,1
DA:131,1
DA:132,1
DA:133,1
DA:134,1
DA:135,1
DA:138,1
DA:139,1
DA:140,1
DA:141,1
DA:142,1
DA:143,1
DA:145,1
DA:146,1
DA:147,1
DA:148,1
DA:149,1
DA:151,1
DA:152,1
DA:153,1
DA:154,1
DA:155,1
DA:157,1
DA:158,1
DA:159,1
DA:160,1
DA:161,1
DA:163,1
DA:164,1
DA:165,1
DA:166,1
DA:167,1
DA:169,1
DA:170,1
DA:171,1
DA:172,1
DA:173,1
DA:175,1
DA:176,1
DA:177,1
DA:178,1
DA:179,1
DA:181,1
DA:182,1
DA:183,1
DA:184,1
DA:185,1
DA:187,1
DA:188,1
DA:189,1
DA:190,1
DA:191,1
LF:142
LH:142
BRF:0
BRH:0
end_of_record
